2021-11-21T11:17:49.512Z [Money Remittance] [32minfo[39m:The app is running on port http://localhost:5000
2021-11-21T11:33:07.584Z [Money Remittance] [32minfo[39m:The app is running on port http://localhost:5000
2021-11-21T11:48:33.866Z [Money Remittance] [32minfo[39m:The app is running on port http://localhost:5000
2021-11-21T11:57:27.275Z [Money Remittance] [32minfo[39m:The app is running on port http://localhost:5000
2021-11-21T12:09:44.303Z [Money Remittance] [32minfo[39m:The app is running on port http://localhost:5000
2021-11-21T12:15:35.879Z [Money Remittance] [32minfo[39m:The app is running on port http://localhost:5000
2021-11-21T12:22:17.544Z [Money Remittance] [32minfo[39m:The app is running on port http://localhost:5000
2021-11-21T12:23:00.391Z [Money Remittance] [32minfo[39m:The app is running on port http://localhost:5000
2021-11-21T12:29:17.445Z [Money Remittance] [32minfo[39m:The app is running on port http://localhost:5000
2021-11-21T12:46:53.183Z [Money Remittance] [32minfo[39m:The app is running on port http://localhost:5000
2021-11-21T13:52:38.017Z [Money Remittance] [32minfo[39m:The app is running on port http://localhost:5000
2021-11-22T05:59:17.832Z [Money Remittance] [32minfo[39m:The app is running on port http://localhost:5000
2021-11-22T05:59:59.951Z [Money Remittance] [32minfo[39m:getCountries controll is working
2021-11-22T06:00:14.405Z [Money Remittance] [32minfo[39m:Connected database
2021-11-22T06:00:47.158Z [Money Remittance] [32minfo[39m:getCountries controll is working
2021-11-22T06:00:47.908Z [Money Remittance] [32minfo[39m:Connected database
2021-11-22T06:01:42.423Z [Money Remittance] [32minfo[39m:getCurrency controller is working
2021-11-22T06:01:42.862Z [Money Remittance] [32minfo[39m:Connected database
2021-11-22T06:01:44.038Z [Money Remittance] [32minfo[39m:The user exists
2021-11-22T06:01:44.653Z [Money Remittance] [32minfo[39m:Connected database
2021-11-22T06:02:08.426Z [Money Remittance] [32minfo[39m:getStates controll is working
2021-11-22T06:02:08.934Z [Money Remittance] [32minfo[39m:Connected database
2021-11-22T06:02:33.540Z [Money Remittance] [32minfo[39m:getCities controll is working
2021-11-22T06:02:34.403Z [Money Remittance] [32minfo[39m:Connected database
2021-11-22T06:02:42.926Z [Money Remittance] [32minfo[39m:getCities controll is working
2021-11-22T06:02:43.352Z [Money Remittance] [32minfo[39m:Connected database
2021-11-22T06:09:59.568Z [Money Remittance] [32minfo[39m:The app is running on port http://localhost:5000
2021-11-22T06:10:12.457Z [Money Remittance] [32minfo[39m:info login control is working
2021-11-22T06:10:13.203Z [Money Remittance] [32minfo[39m:Connected database
2021-11-22T06:10:13.676Z [Money Remittance] [31merror[39m:ORA-00904: "U"."LASTNAME": invalid identifier
2021-11-22T06:10:13.706Z [Money Remittance] [32minfo[39m:the authentication is working
2021-11-22T06:10:13.864Z [Money Remittance] [32minfo[39m:Email or Password does not exist
2021-11-22T06:29:16.401Z [Money Remittance] [32minfo[39m:The app is running on port http://localhost:5000
2021-11-22T06:29:32.931Z [Money Remittance] [32minfo[39m:info login control is working
2021-11-22T06:29:33.659Z [Money Remittance] [32minfo[39m:Connected database
2021-11-22T06:29:34.254Z [Money Remittance] [32minfo[39m:the authentication is working
2021-11-22T06:29:39.790Z [Money Remittance] [32minfo[39m:info login control is working
2021-11-22T06:29:40.198Z [Money Remittance] [32minfo[39m:Connected database
2021-11-22T06:29:40.372Z [Money Remittance] [32minfo[39m:the authentication is working
2021-11-22T06:41:12.121Z [Money Remittance] [32minfo[39m:info login control is working
2021-11-22T06:41:13.012Z [Money Remittance] [32minfo[39m:Connected database
2021-11-22T06:41:13.910Z [Money Remittance] [32minfo[39m:the authentication is working
2021-11-22T06:41:14.137Z [Money Remittance] [32minfo[39m:Email or Password does not exist
2021-11-22T06:41:51.180Z [Money Remittance] [32minfo[39m:info login control is working
2021-11-22T06:41:51.816Z [Money Remittance] [32minfo[39m:Connected database
2021-11-22T06:41:52.099Z [Money Remittance] [32minfo[39m:the authentication is working
2021-11-22T06:43:17.176Z [Money Remittance] [32minfo[39m:The app is running on port http://localhost:5000
2021-11-22T06:43:22.978Z [Money Remittance] [32minfo[39m:info login control is working
2021-11-22T06:43:27.959Z [Money Remittance] [32minfo[39m:Connected database
2021-11-22T06:43:28.043Z [Money Remittance] [32minfo[39m:the authentication is working
2021-11-22T06:43:50.520Z [Money Remittance] [32minfo[39m:Connected database
2021-11-22T06:44:21.500Z [Money Remittance] [32minfo[39m:info login control is working
2021-11-22T06:44:22.058Z [Money Remittance] [32minfo[39m:Connected database
2021-11-22T06:44:22.712Z [Money Remittance] [32minfo[39m:the authentication is working
2021-11-22T06:44:40.489Z [Money Remittance] [32minfo[39m:Connected database
2021-11-22T06:44:41.221Z [Money Remittance] [32minfo[39m:All users controller is working
2021-11-22T06:59:06.942Z [Money Remittance] [32minfo[39m:The app is running on port http://localhost:5000
2021-11-22T06:59:18.851Z [Money Remittance] [32minfo[39m:info login control is working
2021-11-22T06:59:21.692Z [Money Remittance] [32minfo[39m:Connected database
2021-11-22T06:59:22.324Z [Money Remittance] [32minfo[39m:the authentication is working
2021-11-22T06:59:35.701Z [Money Remittance] [32minfo[39m:Connected database
2021-11-22T06:59:36.298Z [Money Remittance] [32minfo[39m:All users controller is working
2021-11-22T06:59:36.821Z [Money Remittance] [32minfo[39m:Connected database
2021-11-22T07:00:04.084Z [Money Remittance] [32minfo[39m:Connected database
2021-11-22T07:00:04.810Z [Money Remittance] [32minfo[39m:getUserById controller is working
2021-11-22T07:00:06.236Z [Money Remittance] [32minfo[39m:Connected database
2021-11-22T07:00:06.806Z [Money Remittance] [32minfo[39m:The user exists
2021-11-22T07:00:07.328Z [Money Remittance] [32minfo[39m:Connected database
2021-11-22T07:00:48.294Z [Money Remittance] [32minfo[39m:Connected database
2021-11-22T07:00:48.640Z [Money Remittance] [32minfo[39m:calling create user
2021-11-22T07:00:49.098Z [Money Remittance] [32minfo[39m:Connected database
2021-11-22T07:00:49.443Z [Money Remittance] [32minfo[39m:create user
2021-11-22T07:00:49.893Z [Money Remittance] [32minfo[39m:Connected database
2021-11-22T07:00:50.427Z [Money Remittance] [31merror[39m:ORA-01036: illegal variable name/number
2021-11-22T07:09:14.314Z [Money Remittance] [32minfo[39m:The app is running on port http://localhost:5000
2021-11-22T07:09:31.983Z [Money Remittance] [32minfo[39m:info login control is working
2021-11-22T07:09:33.404Z [Money Remittance] [32minfo[39m:Connected database
2021-11-22T07:09:33.671Z [Money Remittance] [32minfo[39m:the authentication is working
2021-11-22T07:09:42.220Z [Money Remittance] [32minfo[39m:Connected database
2021-11-22T07:09:42.655Z [Money Remittance] [32minfo[39m:All users controller is working
2021-11-22T07:09:43.346Z [Money Remittance] [32minfo[39m:Connected database
2021-11-22T07:09:51.391Z [Money Remittance] [32minfo[39m:Connected database
2021-11-22T07:09:52.206Z [Money Remittance] [32minfo[39m:getUserById controller is working
2021-11-22T07:09:52.566Z [Money Remittance] [32minfo[39m:Connected database
2021-11-22T07:09:53.056Z [Money Remittance] [32minfo[39m:The user exists
2021-11-22T07:09:53.776Z [Money Remittance] [32minfo[39m:Connected database
2021-11-22T07:10:09.425Z [Money Remittance] [32minfo[39m:Connected database
2021-11-22T07:10:10.012Z [Money Remittance] [32minfo[39m:calling create user
2021-11-22T07:10:10.765Z [Money Remittance] [32minfo[39m:Connected database
2021-11-22T07:10:11.007Z [Money Remittance] [32minfo[39m:create user
2021-11-22T07:10:11.716Z [Money Remittance] [32minfo[39m:Connected database
2021-11-22T07:10:12.076Z [Money Remittance] [31merror[39m:ORA-01036: illegal variable name/number
2021-11-22T07:11:31.952Z [Money Remittance] [32minfo[39m:The app is running on port http://localhost:5000
2021-11-22T07:11:42.440Z [Money Remittance] [32minfo[39m:Connected database
2021-11-22T07:11:42.814Z [Money Remittance] [32minfo[39m:calling create user
2021-11-22T07:11:43.563Z [Money Remittance] [32minfo[39m:Connected database
2021-11-22T07:11:43.847Z [Money Remittance] [32minfo[39m:create user
2021-11-22T07:11:45.494Z [Money Remittance] [32minfo[39m:Connected database
2021-11-22T07:11:45.935Z [Money Remittance] [31merror[39m:ORA-01036: illegal variable name/number
2021-11-22T07:22:50.933Z [Money Remittance] [32minfo[39m:The app is running on port http://localhost:5000
2021-11-22T07:23:06.494Z [Money Remittance] [32minfo[39m:info login control is working
2021-11-22T07:23:07.689Z [Money Remittance] [32minfo[39m:Connected database
2021-11-22T07:23:08.076Z [Money Remittance] [32minfo[39m:the authentication is working
2021-11-22T07:23:19.835Z [Money Remittance] [32minfo[39m:Connected database
2021-11-22T07:23:20.207Z [Money Remittance] [32minfo[39m:calling create user
2021-11-22T07:23:20.853Z [Money Remittance] [32minfo[39m:Connected database
2021-11-22T07:23:21.223Z [Money Remittance] [32minfo[39m:create user
2021-11-22T07:23:22.243Z [Money Remittance] [32minfo[39m:Connected database
2021-11-22T07:23:23.411Z [Money Remittance] [31merror[39m:ORA-01400: cannot insert NULL into ("HR"."USERS"."FULLNAME")
2021-11-22T07:33:19.630Z [Money Remittance] [32minfo[39m:The app is running on port http://localhost:5000
2021-11-22T07:33:28.290Z [Money Remittance] [32minfo[39m:info login control is working
2021-11-22T07:33:29.156Z [Money Remittance] [32minfo[39m:Connected database
2021-11-22T07:33:29.276Z [Money Remittance] [32minfo[39m:the authentication is working
2021-11-22T07:33:39.219Z [Money Remittance] [32minfo[39m:Connected database
2021-11-22T07:33:39.852Z [Money Remittance] [32minfo[39m:All users controller is working
2021-11-22T07:33:40.444Z [Money Remittance] [32minfo[39m:Connected database
2021-11-22T07:34:03.518Z [Money Remittance] [32minfo[39m:Connected database
2021-11-22T07:34:04.291Z [Money Remittance] [32minfo[39m:calling create user
2021-11-22T07:34:05.269Z [Money Remittance] [32minfo[39m:Connected database
2021-11-22T07:34:05.473Z [Money Remittance] [32minfo[39m:create user
2021-11-22T07:35:36.971Z [Money Remittance] [32minfo[39m:The app is running on port http://localhost:5000
2021-11-22T07:35:42.029Z [Money Remittance] [32minfo[39m:Connected database
2021-11-22T07:35:42.418Z [Money Remittance] [32minfo[39m:calling create user
2021-11-22T07:35:43.056Z [Money Remittance] [32minfo[39m:Connected database
2021-11-22T07:35:43.599Z [Money Remittance] [32minfo[39m:create user
2021-11-22T07:35:44.071Z [Money Remittance] [32minfo[39m:Connected database
2021-11-22T07:35:45.365Z [Money Remittance] [31merror[39m:ORA-00001: unique constraint (HR.PK_USERS) violated
2021-11-22T07:37:23.446Z [Money Remittance] [32minfo[39m:The app is running on port http://localhost:5000
2021-11-22T07:37:31.544Z [Money Remittance] [32minfo[39m:info login control is working
2021-11-22T07:37:33.607Z [Money Remittance] [32minfo[39m:Connected database
2021-11-22T07:37:34.114Z [Money Remittance] [32minfo[39m:the authentication is working
2021-11-22T07:37:46.092Z [Money Remittance] [32minfo[39m:Connected database
2021-11-22T07:37:46.846Z [Money Remittance] [32minfo[39m:calling create user
2021-11-22T07:37:48.040Z [Money Remittance] [32minfo[39m:Connected database
2021-11-22T07:37:48.167Z [Money Remittance] [32minfo[39m:create user
2021-11-22T07:37:48.608Z [Money Remittance] [32minfo[39m:Connected database
2021-11-22T07:37:48.931Z [Money Remittance] [32minfo[39m:A New User Is Being Inserted!
2021-11-22T07:37:49.102Z [Money Remittance] [32minfo[39m:User Created
2021-11-22T07:38:23.930Z [Money Remittance] [32minfo[39m:Connected database
2021-11-22T07:38:24.639Z [Money Remittance] [32minfo[39m:All users controller is working
2021-11-22T07:38:25.303Z [Money Remittance] [32minfo[39m:Connected database
2021-11-22T07:40:48.707Z [Money Remittance] [32minfo[39m:Connected database
2021-11-22T07:40:49.455Z [Money Remittance] [32minfo[39m:Calling to user Update
2021-11-22T07:40:49.936Z [Money Remittance] [32minfo[39m:Connected database
2021-11-22T07:40:50.764Z [Money Remittance] [32minfo[39m:Connected database
2021-11-22T07:40:51.063Z [Money Remittance] [31merror[39m:ORA-00904: "LASTNAME": invalid identifier
2021-11-22T07:48:38.245Z [Money Remittance] [32minfo[39m:The app is running on port http://localhost:5000
2021-11-22T07:49:07.075Z [Money Remittance] [32minfo[39m:Connected database
2021-11-22T07:49:07.310Z [Money Remittance] [32minfo[39m:Calling to user Update
2021-11-22T07:49:07.912Z [Money Remittance] [32minfo[39m:Connected database
2021-11-22T07:50:47.695Z [Money Remittance] [32minfo[39m:The app is running on port http://localhost:5000
2021-11-22T07:50:57.499Z [Money Remittance] [32minfo[39m:info login control is working
2021-11-22T07:50:59.577Z [Money Remittance] [32minfo[39m:Connected database
2021-11-22T07:50:59.770Z [Money Remittance] [32minfo[39m:the authentication is working
2021-11-22T07:51:09.304Z [Money Remittance] [32minfo[39m:Connected database
2021-11-22T07:51:09.580Z [Money Remittance] [32minfo[39m:Calling to user Update
2021-11-22T07:51:10.110Z [Money Remittance] [32minfo[39m:Connected database
2021-11-22T07:51:40.225Z [Money Remittance] [32minfo[39m:The app is running on port http://localhost:5000
2021-11-22T07:51:46.039Z [Money Remittance] [32minfo[39m:Connected database
2021-11-22T07:51:46.553Z [Money Remittance] [32minfo[39m:Calling to user Update
2021-11-22T07:51:47.237Z [Money Remittance] [32minfo[39m:Connected database
2021-11-22T07:51:47.753Z [Money Remittance] [32minfo[39m:Connected database
2021-11-22T08:06:14.928Z [Money Remittance] [32minfo[39m:The app is running on port http://localhost:5000
2021-11-22T08:06:26.635Z [Money Remittance] [32minfo[39m:info login control is working
2021-11-22T08:06:30.654Z [Money Remittance] [32minfo[39m:Connected database
2021-11-22T08:06:30.818Z [Money Remittance] [32minfo[39m:the authentication is working
2021-11-22T08:06:40.260Z [Money Remittance] [32minfo[39m:Connected database
2021-11-22T08:06:40.718Z [Money Remittance] [32minfo[39m:All users controller is working
2021-11-22T08:06:41.506Z [Money Remittance] [32minfo[39m:Connected database
2021-11-22T08:06:56.312Z [Money Remittance] [32minfo[39m:Connected database
2021-11-22T08:06:56.660Z [Money Remittance] [32minfo[39m:getUserById controller is working
2021-11-22T08:06:57.199Z [Money Remittance] [32minfo[39m:Connected database
2021-11-22T08:06:57.471Z [Money Remittance] [32minfo[39m:The user exists
2021-11-22T08:06:57.730Z [Money Remittance] [32minfo[39m:Connected database
2021-11-22T08:07:58.752Z [Money Remittance] [32minfo[39m:Connected database
2021-11-22T08:07:59.391Z [Money Remittance] [32minfo[39m:Calling to user Update
2021-11-22T08:08:00.288Z [Money Remittance] [32minfo[39m:Connected database
2021-11-22T08:08:00.966Z [Money Remittance] [31merror[39m:User already exist
2021-11-22T08:09:04.173Z [Money Remittance] [32minfo[39m:Connected database
2021-11-22T08:09:04.836Z [Money Remittance] [32minfo[39m:Calling to user Update
2021-11-22T08:09:05.364Z [Money Remittance] [32minfo[39m:Connected database
2021-11-22T08:09:06.144Z [Money Remittance] [32minfo[39m:Connected database
2021-11-22T08:09:06.874Z [Money Remittance] [32minfo[39m:User Is Updated Successfully!
2021-11-22T08:09:07.162Z [Money Remittance] [32minfo[39m:User is Updated
2021-11-22T08:09:18.429Z [Money Remittance] [32minfo[39m:Connected database
2021-11-22T08:09:18.979Z [Money Remittance] [32minfo[39m:All users controller is working
2021-11-22T08:09:20.044Z [Money Remittance] [32minfo[39m:Connected database
2021-11-22T08:10:12.729Z [Money Remittance] [32minfo[39m:Connected database
2021-11-22T08:10:13.071Z [Money Remittance] [32minfo[39m:Calling Delete user
2021-11-22T08:10:14.069Z [Money Remittance] [32minfo[39m:Connected database
2021-11-22T08:10:14.409Z [Money Remittance] [31merror[39m:ORA-01722: invalid number
2021-11-22T08:10:45.779Z [Money Remittance] [32minfo[39m:Connected database
2021-11-22T08:10:46.426Z [Money Remittance] [32minfo[39m:Calling Delete user
2021-11-22T08:10:47.387Z [Money Remittance] [32minfo[39m:Connected database
2021-11-22T08:10:47.804Z [Money Remittance] [31merror[39m:User already exist
2021-11-22T08:13:57.445Z [Money Remittance] [32minfo[39m:The app is running on port http://localhost:5000
2021-11-22T08:14:09.980Z [Money Remittance] [32minfo[39m:info login control is working
2021-11-22T08:14:11.166Z [Money Remittance] [32minfo[39m:Connected database
2021-11-22T08:14:11.548Z [Money Remittance] [32minfo[39m:the authentication is working
2021-11-22T08:14:30.477Z [Money Remittance] [32minfo[39m:Connected database
2021-11-22T08:14:30.893Z [Money Remittance] [32minfo[39m:Calling Delete user
2021-11-22T08:14:31.197Z [Money Remittance] [32minfo[39m:Connected database
2021-11-22T08:14:31.504Z [Money Remittance] [31merror[39m:User already exist
2021-11-22T08:15:19.245Z [Money Remittance] [32minfo[39m:Connected database
2021-11-22T08:15:19.528Z [Money Remittance] [32minfo[39m:Calling Delete user
2021-11-22T08:15:20.261Z [Money Remittance] [32minfo[39m:Connected database
2021-11-22T08:15:20.711Z [Money Remittance] [32minfo[39m:delete user
2021-11-22T08:15:21.169Z [Money Remittance] [32minfo[39m:Connected database
2021-11-22T08:15:22.385Z [Money Remittance] [32minfo[39m:User is deleted
2021-11-22T08:15:32.425Z [Money Remittance] [32minfo[39m:Connected database
2021-11-22T08:15:32.953Z [Money Remittance] [32minfo[39m:All users controller is working
2021-11-22T08:15:33.317Z [Money Remittance] [32minfo[39m:Connected database
2021-11-22T08:20:42.975Z [Money Remittance] [32minfo[39m:The app is running on port http://localhost:5000
2021-11-22T08:20:54.349Z [Money Remittance] [32minfo[39m:getStates controll is working
2021-11-22T08:20:55.574Z [Money Remittance] [32minfo[39m:Connected database
2021-11-22T08:24:29.307Z [Money Remittance] [32minfo[39m:The app is running on port http://localhost:5000
2021-11-22T08:25:05.900Z [Money Remittance] [32minfo[39m:getRemittanceByUser controller is working
2021-11-22T08:25:07.555Z [Money Remittance] [32minfo[39m:Connected database
2021-11-22T08:25:08.074Z [Money Remittance] [32minfo[39m:The user exists
2021-11-22T08:27:16.703Z [Money Remittance] [32minfo[39m:The app is running on port http://localhost:5000
2021-11-22T08:27:20.951Z [Money Remittance] [32minfo[39m:getRemittanceByUser controller is working
2021-11-22T08:27:21.929Z [Money Remittance] [32minfo[39m:Connected database
2021-11-22T08:27:22.078Z [Money Remittance] [32minfo[39m:The user exists
2021-11-22T08:27:22.403Z [Money Remittance] [32minfo[39m:Connected database
2021-11-22T08:39:00.031Z [Money Remittance] [32minfo[39m:The app is running on port http://localhost:5000
2021-11-22T08:39:42.879Z [Money Remittance] [32minfo[39m:info createRemittance, you have seccessfully registered a new remittance
2021-11-22T08:39:43.753Z [Money Remittance] [32minfo[39m:Connected database
2021-11-22T08:39:43.916Z [Money Remittance] [31merror[39m:ORA-00904: "EMAIL": invalid identifier
2021-11-22T08:44:11.783Z [Money Remittance] [32minfo[39m:The app is running on port http://localhost:5000
2021-11-22T08:44:25.101Z [Money Remittance] [32minfo[39m:info createRemittance, you have seccessfully registered a new remittance
2021-11-22T08:44:25.278Z [Money Remittance] [32minfo[39m:create user
2021-11-22T08:44:27.577Z [Money Remittance] [32minfo[39m:Connected database
2021-11-22T08:46:22.521Z [Money Remittance] [32minfo[39m:The app is running on port http://localhost:5000
2021-11-22T08:53:48.628Z [Money Remittance] [32minfo[39m:The app is running on port http://localhost:5000
2021-11-22T08:55:02.440Z [Money Remittance] [32minfo[39m:updateRemittanceStatus to user Update
2021-11-22T08:55:03.939Z [Money Remittance] [32minfo[39m:Connected database
2021-11-22T08:55:04.513Z [Money Remittance] [32minfo[39m:Connected database
2021-11-22T08:55:43.097Z [Money Remittance] [32minfo[39m:The app is running on port http://localhost:5000
2021-11-22T08:57:48.051Z [Money Remittance] [32minfo[39m:updateRemittanceStatus to user Update
2021-11-22T08:57:49.503Z [Money Remittance] [32minfo[39m:Connected database
2021-11-22T08:57:50.127Z [Money Remittance] [32minfo[39m:Connected database
2021-11-22T08:59:37.840Z [Money Remittance] [32minfo[39m:The app is running on port http://localhost:5000
2021-11-22T08:59:43.638Z [Money Remittance] [32minfo[39m:updateRemittanceStatus to user Update
2021-11-22T08:59:44.298Z [Money Remittance] [32minfo[39m:Connected database
2021-11-22T08:59:44.851Z [Money Remittance] [32minfo[39m:Connected database
2021-11-22T09:06:08.023Z [Money Remittance] [32minfo[39m:The app is running on port http://localhost:5000
2021-11-22T09:06:25.780Z [Money Remittance] [32minfo[39m:updateRemittanceStatus to user Update
2021-11-22T09:06:27.023Z [Money Remittance] [32minfo[39m:Connected database
2021-11-22T09:06:27.430Z [Money Remittance] [32minfo[39m:Connected database
2021-11-22T11:00:28.286Z [Money Remittance] [32minfo[39m:The app is running on port http://localhost:5000
2021-11-22T19:02:08.392Z [Money Remittance] [32minfo[39m:The app is running on port http://localhost:5000
2021-11-24T15:38:54.134Z [Money Remittance] [32minfo[39m:The app is running on port http://localhost:5000
2021-11-24T15:43:03.825Z [Money Remittance] [32minfo[39m:getCountries controll is working
2021-11-24T15:43:16.790Z [Money Remittance] [32minfo[39m:Connected database
2021-11-24T16:07:58.557Z [Money Remittance] [32minfo[39m:getCountries controll is working
2021-11-24T16:08:03.176Z [Money Remittance] [32minfo[39m:Connected database
2021-11-24T16:17:44.365Z [Money Remittance] [32minfo[39m:getCountries controll is working
2021-11-24T16:17:45.416Z [Money Remittance] [32minfo[39m:Connected database
2021-11-24T16:18:14.935Z [Money Remittance] [32minfo[39m:getCountries controll is working
2021-11-24T16:18:15.221Z [Money Remittance] [32minfo[39m:Connected database
2021-11-24T16:27:34.414Z [Money Remittance] [32minfo[39m:The app is running on port http://localhost:5000
2021-11-24T16:28:17.768Z [Money Remittance] [32minfo[39m:getCountries controll is working
2021-11-24T16:28:21.361Z [Money Remittance] [32minfo[39m:Connected database
2021-11-24T16:28:38.733Z [Money Remittance] [32minfo[39m:getCountries controll is working
2021-11-24T16:28:39.597Z [Money Remittance] [32minfo[39m:Connected database
2021-11-24T17:27:10.086Z [Money Remittance] [32minfo[39m:getCountries controll is working
2021-11-24T17:27:19.275Z [Money Remittance] [32minfo[39m:Connected database
2021-11-24T17:31:53.377Z [Money Remittance] [32minfo[39m:getCountries controll is working
2021-11-24T17:31:54.416Z [Money Remittance] [32minfo[39m:Connected database
2021-11-24T17:47:05.123Z [Money Remittance] [32minfo[39m:The app is running on port http://localhost:5000
2021-11-24T17:47:44.621Z [Money Remittance] [32minfo[39m:getCountries controll is working
2021-11-24T17:47:57.481Z [Money Remittance] [32minfo[39m:Connected database
2021-11-24T18:37:26.720Z [Money Remittance] [32minfo[39m:getCountries controll is working
2021-11-24T18:37:29.447Z [Money Remittance] [32minfo[39m:Connected database
2021-11-24T18:38:19.817Z [Money Remittance] [32minfo[39m:getCountries controll is working
2021-11-24T18:38:20.885Z [Money Remittance] [32minfo[39m:Connected database
2021-11-24T18:59:39.269Z [Money Remittance] [32minfo[39m:getCountries controll is working
2021-11-24T18:59:45.018Z [Money Remittance] [32minfo[39m:Connected database
2021-11-24T19:15:36.288Z [Money Remittance] [32minfo[39m:getCountries controll is working
2021-11-24T19:15:37.112Z [Money Remittance] [32minfo[39m:Connected database
2021-11-24T19:21:10.131Z [Money Remittance] [32minfo[39m:getCountries controll is working
2021-11-24T19:21:10.511Z [Money Remittance] [32minfo[39m:Connected database
2021-11-24T19:21:23.179Z [Money Remittance] [32minfo[39m:getCountries controll is working
2021-11-24T19:21:23.736Z [Money Remittance] [32minfo[39m:Connected database
2021-11-24T19:23:10.637Z [Money Remittance] [32minfo[39m:getCountries controll is working
2021-11-24T19:23:10.902Z [Money Remittance] [32minfo[39m:Connected database
2021-11-24T19:23:21.886Z [Money Remittance] [32minfo[39m:getCountries controll is working
2021-11-24T19:23:22.239Z [Money Remittance] [32minfo[39m:Connected database
2021-11-24T19:26:06.602Z [Money Remittance] [32minfo[39m:getCountries controll is working
2021-11-24T19:26:06.878Z [Money Remittance] [32minfo[39m:Connected database
2021-11-24T19:28:48.388Z [Money Remittance] [32minfo[39m:getCountries controll is working
2021-11-24T19:28:48.673Z [Money Remittance] [32minfo[39m:Connected database
2021-11-24T19:28:57.256Z [Money Remittance] [32minfo[39m:getCountries controll is working
2021-11-24T19:28:57.539Z [Money Remittance] [32minfo[39m:Connected database
2021-11-24T19:31:42.465Z [Money Remittance] [32minfo[39m:getCountries controll is working
2021-11-24T19:31:42.585Z [Money Remittance] [32minfo[39m:Connected database
2021-11-24T19:32:04.218Z [Money Remittance] [32minfo[39m:getCountries controll is working
2021-11-24T19:32:04.514Z [Money Remittance] [32minfo[39m:Connected database
2021-11-24T19:36:36.034Z [Money Remittance] [32minfo[39m:getCountries controll is working
2021-11-24T19:36:36.340Z [Money Remittance] [32minfo[39m:Connected database
2021-11-24T20:17:07.573Z [Money Remittance] [32minfo[39m:getCountries controll is working
2021-11-24T20:17:09.762Z [Money Remittance] [32minfo[39m:Connected database
2021-11-24T20:17:30.487Z [Money Remittance] [32minfo[39m:getCountries controll is working
2021-11-24T20:17:30.654Z [Money Remittance] [32minfo[39m:Connected database
2021-11-24T20:25:28.381Z [Money Remittance] [32minfo[39m:getCountries controll is working
2021-11-24T20:25:28.772Z [Money Remittance] [32minfo[39m:Connected database
2021-11-25T05:41:23.797Z [Money Remittance] [32minfo[39m:The app is running on port http://localhost:5000
2021-11-25T05:48:45.791Z [Money Remittance] [32minfo[39m:getCountries controll is working
2021-11-25T05:49:04.913Z [Money Remittance] [32minfo[39m:Connected database
2021-11-25T05:49:19.968Z [Money Remittance] [32minfo[39m:getCountries controll is working
2021-11-25T05:49:20.344Z [Money Remittance] [32minfo[39m:Connected database
2021-11-25T05:50:02.583Z [Money Remittance] [32minfo[39m:getCountries controll is working
2021-11-25T05:50:03.627Z [Money Remittance] [32minfo[39m:Connected database
2021-11-25T05:57:44.426Z [Money Remittance] [32minfo[39m:getCountries controll is working
2021-11-25T05:57:46.451Z [Money Remittance] [32minfo[39m:Connected database
2021-11-25T06:02:01.037Z [Money Remittance] [32minfo[39m:getCountries controll is working
2021-11-25T06:02:02.968Z [Money Remittance] [32minfo[39m:Connected database
2021-11-25T06:03:13.931Z [Money Remittance] [32minfo[39m:getCountries controll is working
2021-11-25T06:03:16.431Z [Money Remittance] [32minfo[39m:Connected database
2021-11-25T06:04:32.470Z [Money Remittance] [32minfo[39m:getCountries controll is working
2021-11-25T06:04:33.071Z [Money Remittance] [32minfo[39m:Connected database
2021-11-25T07:05:16.494Z [Money Remittance] [32minfo[39m:The app is running on port http://localhost:5000
2021-11-25T07:06:45.267Z [Money Remittance] [32minfo[39m:info login control is working
2021-11-25T07:06:52.631Z [Money Remittance] [32minfo[39m:Connected database
2021-11-25T07:06:55.446Z [Money Remittance] [32minfo[39m:the authentication is working
2021-11-25T07:07:50.229Z [Money Remittance] [32minfo[39m:Connected database
2021-11-25T07:07:50.932Z [Money Remittance] [32minfo[39m:getStates controll is working
2021-11-25T07:07:51.345Z [Money Remittance] [32minfo[39m:Connected database
2021-11-25T07:09:19.301Z [Money Remittance] [32minfo[39m:The app is running on port http://localhost:5000
2021-11-25T07:33:26.486Z [Money Remittance] [32minfo[39m:info login control is working
2021-11-25T07:33:30.148Z [Money Remittance] [32minfo[39m:Connected database
2021-11-25T07:33:30.949Z [Money Remittance] [32minfo[39m:the authentication is working
2021-11-25T07:33:48.690Z [Money Remittance] [32minfo[39m:Connected database
2021-11-25T07:33:49.357Z [Money Remittance] [32minfo[39m:info createRemittance, you have seccessfully registered a new remittance
2021-11-25T07:33:49.382Z [Money Remittance] [32minfo[39m:create user
2021-11-25T07:33:50.076Z [Money Remittance] [32minfo[39m:Connected database
2021-11-25T07:34:06.690Z [Money Remittance] [32minfo[39m:Connected database
2021-11-25T07:34:07.203Z [Money Remittance] [32minfo[39m:getRemittanceByUser controller is working
2021-11-25T07:34:07.642Z [Money Remittance] [32minfo[39m:Connected database
2021-11-25T07:34:08.093Z [Money Remittance] [32minfo[39m:The user exists
2021-11-25T07:34:08.464Z [Money Remittance] [32minfo[39m:Connected database
2021-11-25T07:34:17.184Z [Money Remittance] [32minfo[39m:Connected database
2021-11-25T07:34:18.040Z [Money Remittance] [32minfo[39m:getStates controll is working
2021-11-25T07:34:18.479Z [Money Remittance] [32minfo[39m:Connected database
2021-11-25T08:14:09.517Z [Money Remittance] [32minfo[39m:The app is running on port http://localhost:5000
2021-11-25T08:14:53.102Z [Money Remittance] [32minfo[39m:All users controller is working
2021-11-25T08:14:57.960Z [Money Remittance] [32minfo[39m:Connected database
2021-11-25T08:15:32.314Z [Money Remittance] [32minfo[39m:All users controller is working
2021-11-25T08:15:33.057Z [Money Remittance] [32minfo[39m:Connected database
2021-11-25T08:18:09.854Z [Money Remittance] [32minfo[39m:All users controller is working
2021-11-25T08:18:11.092Z [Money Remittance] [32minfo[39m:Connected database
2021-11-25T08:21:25.949Z [Money Remittance] [32minfo[39m:All users controller is working
2021-11-25T08:21:27.047Z [Money Remittance] [32minfo[39m:Connected database
2021-11-25T08:26:14.149Z [Money Remittance] [32minfo[39m:All users controller is working
2021-11-25T08:26:15.342Z [Money Remittance] [32minfo[39m:Connected database
2021-11-25T08:27:31.533Z [Money Remittance] [32minfo[39m:All users controller is working
2021-11-25T08:27:32.684Z [Money Remittance] [32minfo[39m:Connected database
2021-11-25T08:39:42.017Z [Money Remittance] [32minfo[39m:All users controller is working
2021-11-25T08:39:43.283Z [Money Remittance] [32minfo[39m:Connected database
2021-11-25T08:43:11.913Z [Money Remittance] [32minfo[39m:All users controller is working
2021-11-25T08:43:12.013Z [Money Remittance] [32minfo[39m:Connected database
2021-11-25T08:46:06.641Z [Money Remittance] [32minfo[39m:All users controller is working
2021-11-25T08:46:08.134Z [Money Remittance] [32minfo[39m:Connected database
2021-11-25T09:36:14.677Z [Money Remittance] [32minfo[39m:All users controller is working
2021-11-25T09:36:22.137Z [Money Remittance] [32minfo[39m:Connected database
2021-11-25T10:09:43.527Z [Money Remittance] [32minfo[39m:All users controller is working
2021-11-25T10:10:27.923Z [Money Remittance] [32minfo[39m:Connected database
2021-11-25T10:27:12.784Z [Money Remittance] [32minfo[39m:All users controller is working
2021-11-25T10:27:15.240Z [Money Remittance] [32minfo[39m:Connected database
2021-11-25T10:28:20.491Z [Money Remittance] [32minfo[39m:All users controller is working
2021-11-25T10:28:21.123Z [Money Remittance] [32minfo[39m:Connected database
2021-11-25T10:29:39.202Z [Money Remittance] [32minfo[39m:All users controller is working
2021-11-25T10:29:39.793Z [Money Remittance] [32minfo[39m:Connected database
2021-11-25T10:31:09.970Z [Money Remittance] [32minfo[39m:All users controller is working
2021-11-25T10:31:11.485Z [Money Remittance] [32minfo[39m:Connected database
2021-11-25T10:54:34.577Z [Money Remittance] [32minfo[39m:All users controller is working
2021-11-25T10:54:40.899Z [Money Remittance] [32minfo[39m:Connected database
2021-11-25T11:14:41.937Z [Money Remittance] [32minfo[39m:The app is running on port http://localhost:5000
2021-11-25T11:14:52.608Z [Money Remittance] [32minfo[39m:All users controller is working
2021-11-25T11:15:35.286Z [Money Remittance] [32minfo[39m:Connected database
2021-11-25T11:44:59.793Z [Money Remittance] [32minfo[39m:calling create user
2021-11-25T11:45:06.561Z [Money Remittance] [32minfo[39m:Connected database
2021-11-25T11:45:08.009Z [Money Remittance] [32minfo[39m:create user
2021-11-25T11:45:08.463Z [Money Remittance] [32minfo[39m:Connected database
2021-11-25T11:45:10.110Z [Money Remittance] [31merror[39m:ORA-01400: cannot insert NULL into ("HR"."USERS"."FULLNAME")
2021-11-25T11:48:45.615Z [Money Remittance] [32minfo[39m:calling create user
2021-11-25T11:48:46.325Z [Money Remittance] [32minfo[39m:Connected database
2021-11-25T11:48:46.432Z [Money Remittance] [32minfo[39m:create user
2021-11-25T11:48:46.624Z [Money Remittance] [32minfo[39m:Connected database
2021-11-25T11:48:46.790Z [Money Remittance] [31merror[39m:ORA-01400: cannot insert NULL into ("HR"."USERS"."FULLNAME")
2021-11-25T11:51:06.670Z [Money Remittance] [32minfo[39m:calling create user
2021-11-25T11:51:08.381Z [Money Remittance] [32minfo[39m:Connected database
2021-11-25T11:51:08.432Z [Money Remittance] [32minfo[39m:create user
2021-11-25T11:51:08.569Z [Money Remittance] [32minfo[39m:Connected database
2021-11-25T11:51:09.024Z [Money Remittance] [32minfo[39m:A new User has been Inserted!
2021-11-25T11:51:09.032Z [Money Remittance] [32minfo[39m:User Created
2021-11-25T11:51:27.340Z [Money Remittance] [32minfo[39m:All users controller is working
2021-11-25T11:51:27.614Z [Money Remittance] [32minfo[39m:Connected database
2021-11-25T13:25:25.066Z [Money Remittance] [32minfo[39m:The app is running on port http://localhost:5000
2021-11-25T13:32:37.141Z [Money Remittance] [32minfo[39m:All users controller is working
2021-11-25T13:32:55.749Z [Money Remittance] [32minfo[39m:Connected database
2021-11-25T13:35:00.137Z [Money Remittance] [32minfo[39m:All users controller is working
2021-11-25T13:35:00.384Z [Money Remittance] [32minfo[39m:Connected database
2021-11-25T13:36:32.021Z [Money Remittance] [32minfo[39m:All users controller is working
2021-11-25T13:36:32.478Z [Money Remittance] [32minfo[39m:Connected database
2021-11-25T13:39:36.000Z [Money Remittance] [32minfo[39m:All users controller is working
2021-11-25T13:39:37.600Z [Money Remittance] [32minfo[39m:Connected database
2021-11-25T13:57:37.022Z [Money Remittance] [32minfo[39m:getStates controll is working
2021-11-25T13:57:39.028Z [Money Remittance] [32minfo[39m:Connected database
2021-11-25T13:57:43.918Z [Money Remittance] [32minfo[39m:getStates controll is working
2021-11-25T13:57:44.084Z [Money Remittance] [32minfo[39m:Connected database
2021-11-25T14:26:56.200Z [Money Remittance] [32minfo[39m:The app is running on port http://localhost:5000
2021-11-25T14:38:31.310Z [Money Remittance] [32minfo[39m:getStates controll is working
2021-11-25T14:38:43.773Z [Money Remittance] [32minfo[39m:Connected database
2021-11-25T14:47:03.174Z [Money Remittance] [32minfo[39m:getStates controll is working
2021-11-25T14:47:03.775Z [Money Remittance] [32minfo[39m:Connected database
2021-11-25T14:50:00.542Z [Money Remittance] [32minfo[39m:getStates controll is working
2021-11-25T14:50:01.499Z [Money Remittance] [32minfo[39m:Connected database
2021-11-25T14:51:30.718Z [Money Remittance] [32minfo[39m:getStates controll is working
2021-11-25T14:51:31.251Z [Money Remittance] [32minfo[39m:Connected database
2021-11-25T15:14:02.638Z [Money Remittance] [32minfo[39m:getStates controll is working
2021-11-25T15:14:05.652Z [Money Remittance] [32minfo[39m:Connected database
2021-11-25T15:15:57.086Z [Money Remittance] [32minfo[39m:getStates controll is working
2021-11-25T15:15:57.958Z [Money Remittance] [32minfo[39m:Connected database
2021-11-25T15:20:06.400Z [Money Remittance] [32minfo[39m:getStates controll is working
2021-11-25T15:20:08.639Z [Money Remittance] [32minfo[39m:Connected database
2021-11-25T15:22:50.427Z [Money Remittance] [32minfo[39m:getStates controll is working
2021-11-25T15:22:51.117Z [Money Remittance] [32minfo[39m:Connected database
2021-11-25T15:24:32.051Z [Money Remittance] [32minfo[39m:getStates controll is working
2021-11-25T15:24:32.597Z [Money Remittance] [32minfo[39m:Connected database
2021-11-25T15:25:16.278Z [Money Remittance] [32minfo[39m:getStates controll is working
2021-11-25T15:25:17.059Z [Money Remittance] [32minfo[39m:Connected database
2021-11-25T15:28:42.224Z [Money Remittance] [32minfo[39m:getStates controll is working
2021-11-25T15:28:42.356Z [Money Remittance] [32minfo[39m:Connected database
2021-11-25T15:30:54.242Z [Money Remittance] [32minfo[39m:getStates controll is working
2021-11-25T15:30:59.605Z [Money Remittance] [32minfo[39m:Connected database
2021-11-25T15:32:03.943Z [Money Remittance] [32minfo[39m:getStates controll is working
2021-11-25T15:32:04.628Z [Money Remittance] [32minfo[39m:Connected database
2021-11-25T15:34:20.211Z [Money Remittance] [32minfo[39m:getStates controll is working
2021-11-25T15:34:20.840Z [Money Remittance] [32minfo[39m:Connected database
2021-11-25T15:35:22.229Z [Money Remittance] [32minfo[39m:getStates controll is working
2021-11-25T15:35:23.405Z [Money Remittance] [32minfo[39m:Connected database
2021-11-25T15:35:51.957Z [Money Remittance] [32minfo[39m:getStates controll is working
2021-11-25T15:35:52.408Z [Money Remittance] [32minfo[39m:Connected database
2021-11-25T15:36:03.284Z [Money Remittance] [32minfo[39m:getStates controll is working
2021-11-25T15:36:03.897Z [Money Remittance] [32minfo[39m:Connected database
2021-11-25T15:36:06.302Z [Money Remittance] [32minfo[39m:All users controller is working
2021-11-25T15:36:06.427Z [Money Remittance] [32minfo[39m:Connected database
2021-11-25T15:37:28.389Z [Money Remittance] [32minfo[39m:calling create user
2021-11-25T15:37:28.581Z [Money Remittance] [32minfo[39m:Connected database
2021-11-25T15:37:29.282Z [Money Remittance] [32minfo[39m:create user
2021-11-25T15:37:29.368Z [Money Remittance] [32minfo[39m:Connected database
2021-11-25T15:37:30.041Z [Money Remittance] [32minfo[39m:A new User has been Inserted!
2021-11-25T15:37:30.092Z [Money Remittance] [32minfo[39m:User Created
2021-11-25T15:37:49.045Z [Money Remittance] [32minfo[39m:All users controller is working
2021-11-25T15:37:49.160Z [Money Remittance] [32minfo[39m:Connected database
2021-11-25T15:42:08.766Z [Money Remittance] [32minfo[39m:info createRemittance, you have seccessfully registered a new remittance
2021-11-25T15:42:08.769Z [Money Remittance] [32minfo[39m:create user
2021-11-25T15:42:09.192Z [Money Remittance] [32minfo[39m:Connected database
2021-11-25T15:42:21.192Z [Money Remittance] [32minfo[39m:getStates controll is working
2021-11-25T15:42:21.377Z [Money Remittance] [32minfo[39m:Connected database
2021-11-25T17:56:58.424Z [Money Remittance] [32minfo[39m:getStates controll is working
2021-11-25T17:57:44.685Z [Money Remittance] [32minfo[39m:Connected database
2021-11-25T17:57:53.649Z [Money Remittance] [32minfo[39m:getStates controll is working
2021-11-25T17:57:59.627Z [Money Remittance] [32minfo[39m:Connected database
2021-11-25T17:58:18.467Z [Money Remittance] [32minfo[39m:All users controller is working
2021-11-25T17:58:22.080Z [Money Remittance] [32minfo[39m:Connected database
2021-11-25T18:00:56.436Z [Money Remittance] [32minfo[39m:calling create user
2021-11-25T18:00:59.607Z [Money Remittance] [32minfo[39m:Connected database
2021-11-25T18:01:02.367Z [Money Remittance] [31merror[39m:User already exist
2021-11-25T18:01:05.637Z [Money Remittance] [32minfo[39m:All users controller is working
2021-11-25T18:01:07.492Z [Money Remittance] [32minfo[39m:Connected database
2021-11-25T18:11:22.256Z [Money Remittance] [32minfo[39m:The app is running on port http://localhost:5000
2021-11-25T18:58:37.285Z [Money Remittance] [32minfo[39m:All users controller is working
2021-11-25T19:01:40.115Z [Money Remittance] [31merror[39m:ORA-03113: end-of-file on communication channel
Process ID: 0
Session ID: 0 Serial number: 0
2021-11-25T20:42:54.613Z [Money Remittance] [32minfo[39m:All users controller is working
2021-11-25T20:43:03.491Z [Money Remittance] [32minfo[39m:Connected database
2021-11-25T21:11:50.968Z [Money Remittance] [32minfo[39m:info login control is working
2021-11-25T21:12:51.173Z [Money Remittance] [32minfo[39m:Connected database
2021-11-25T21:12:53.357Z [Money Remittance] [32minfo[39m:the authentication is working
2021-11-25T21:12:53.363Z [Money Remittance] [32minfo[39m:Email or Password does not exist
2021-11-25T21:13:43.948Z [Money Remittance] [32minfo[39m:info login control is working
2021-11-25T21:13:45.164Z [Money Remittance] [32minfo[39m:Connected database
2021-11-25T21:13:45.290Z [Money Remittance] [32minfo[39m:the authentication is working
2021-11-25T21:13:45.299Z [Money Remittance] [32minfo[39m:Email or Password does not exist
2021-11-25T21:18:52.799Z [Money Remittance] [32minfo[39m:info login control is working
2021-11-25T21:18:56.275Z [Money Remittance] [32minfo[39m:Connected database
2021-11-25T21:18:56.322Z [Money Remittance] [32minfo[39m:the authentication is working
2021-11-25T21:18:56.328Z [Money Remittance] [32minfo[39m:Email or Password does not exist
2021-11-25T21:21:10.500Z [Money Remittance] [32minfo[39m:info login control is working
2021-11-25T21:21:13.410Z [Money Remittance] [32minfo[39m:Connected database
2021-11-25T21:21:14.660Z [Money Remittance] [32minfo[39m:the authentication is working
2021-11-25T21:21:14.711Z [Money Remittance] [32minfo[39m:Email or Password does not exist
2021-11-25T21:26:12.007Z [Money Remittance] [32minfo[39m:info login control is working
2021-11-25T21:26:12.681Z [Money Remittance] [32minfo[39m:Connected database
2021-11-25T21:26:12.800Z [Money Remittance] [32minfo[39m:the authentication is working
2021-11-25T21:26:13.058Z [Money Remittance] [32minfo[39m:Email or Password does not exist
2021-11-25T21:30:04.604Z [Money Remittance] [32minfo[39m:info login control is working
2021-11-25T21:30:07.035Z [Money Remittance] [32minfo[39m:Connected database
2021-11-25T21:30:07.069Z [Money Remittance] [32minfo[39m:the authentication is working
2021-11-25T21:30:07.073Z [Money Remittance] [32minfo[39m:Email or Password does not exist
2021-11-25T21:40:06.298Z [Money Remittance] [32minfo[39m:info login control is working
2021-11-25T21:40:07.743Z [Money Remittance] [32minfo[39m:Connected database
2021-11-25T21:40:07.791Z [Money Remittance] [32minfo[39m:the authentication is working
2021-11-25T21:40:07.901Z [Money Remittance] [32minfo[39m:Email or Password does not exist
2021-11-25T21:48:06.023Z [Money Remittance] [32minfo[39m:info login control is working
2021-11-25T21:48:06.579Z [Money Remittance] [32minfo[39m:Connected database
2021-11-25T21:48:06.647Z [Money Remittance] [32minfo[39m:the authentication is working
2021-11-25T21:48:06.691Z [Money Remittance] [32minfo[39m:Email or Password does not exist
2021-11-25T21:51:01.502Z [Money Remittance] [32minfo[39m:info login control is working
2021-11-25T21:51:02.575Z [Money Remittance] [32minfo[39m:Connected database
2021-11-25T21:51:03.632Z [Money Remittance] [32minfo[39m:the authentication is working
2021-11-25T21:52:10.008Z [Money Remittance] [32minfo[39m:info login control is working
2021-11-25T21:52:10.485Z [Money Remittance] [32minfo[39m:Connected database
2021-11-25T21:52:10.577Z [Money Remittance] [32minfo[39m:the authentication is working
2021-11-25T22:20:38.883Z [Money Remittance] [32minfo[39m:info login control is working
2021-11-25T22:20:49.041Z [Money Remittance] [32minfo[39m:Connected database
2021-11-25T22:20:50.624Z [Money Remittance] [32minfo[39m:the authentication is working
2021-11-25T22:22:04.691Z [Money Remittance] [32minfo[39m:info login control is working
2021-11-25T22:22:05.157Z [Money Remittance] [32minfo[39m:Connected database
2021-11-25T22:22:05.193Z [Money Remittance] [32minfo[39m:the authentication is working
